<?xml version="1.0" encoding="UTF-8"?>
<testng-results ignored="0" total="1" passed="1" failed="0" skipped="0">
  <reporter-output>
    <line>
      <![CDATA[-----------Test Class [foxBasePage] Execution started-----------<br />]]>
    </line>
    <line>
      <![CDATA[Open the URL [https://test.blueforce.com/FoxQA/Login.aspx?ReturnUrl=%2fFoxQA%2fLogin]<br />]]>
    </line>
    <line>
      <![CDATA[Enter text [FOXQALOTS] in the [Company] Text Box<br />]]>
    </line>
    <line>
      <![CDATA[Enter text [ajoshi] in the [User Name] Text Box<br />]]>
    </line>
    <line>
      <![CDATA[Enter text [abc12345] in the [Password] Text Box<br />]]>
    </line>
    <line>
      <![CDATA[Click on [Submit]<br />]]>
    </line>
    <line>
      <![CDATA[Click on [click_Mypto_link]<br />]]>
    </line>
    <line>
      <![CDATA[Click on [click_PTORequest_Tab]<br />]]>
    </line>
    <line>
      <![CDATA[Enter text [12/25/2019 - 12/25/2019] in the [entertext_PTORequest_Dates] Text Box<br />]]>
    </line>
    <line>
      <![CDATA[Click on [click_Apply_button]<br />]]>
    </line>
    <line>
      <![CDATA[Click on [click_dropdown_ptorequesttype]<br />]]>
    </line>
    <line>
      <![CDATA[Enter text [Sick] in the [entertext_ptorequesttype] Text Box<br />]]>
    </line>
    <line>
      <![CDATA[Click on [click_dropdown_ptorequesttype_sick]<br />]]>
    </line>
    <line>
      <![CDATA[Click on [click_submit_button]<br />]]>
    </line>
    <line>
      <![CDATA[-----------Test Class [foxBasePage] Execution Completed-----------<br />]]>
    </line>
  </reporter-output>
  <suite started-at="2020-01-04T23:37:46 IST" name="Suite" finished-at="2020-01-04T23:38:44 IST" duration-ms="57750">
    <groups>
      <group name="cucumber">
        <method signature="AbstractTestNGCucumberTests.feature(cucumber.api.testng.CucumberFeatureWrapper)[pri:0, instance:testRunner.TestRun@1b11171f]" name="feature" class="cucumber.api.testng.AbstractTestNGCucumberTests"/>
      </group> <!-- cucumber -->
    </groups>
    <test started-at="2020-01-04T23:37:46 IST" name="Application Login" finished-at="2020-01-04T23:38:44 IST" duration-ms="57750">
      <class name="testRunner.TestRun">
        <test-method is-config="true" signature="setUpClass()[pri:0, instance:testRunner.TestRun@1b11171f]" started-at="2020-01-04T23:37:46 IST" name="setUpClass" finished-at="2020-01-04T23:37:46 IST" duration-ms="339" status="PASS">
          <reporter-output>
          </reporter-output>
        </test-method> <!-- setUpClass -->
        <test-method is-config="true" signature="beforeclass()[pri:0, instance:testRunner.TestRun@1b11171f]" started-at="2020-01-04T23:37:46 IST" name="beforeclass" finished-at="2020-01-04T23:37:46 IST" duration-ms="62" status="PASS">
          <reporter-output>
          </reporter-output>
        </test-method> <!-- beforeclass -->
        <test-method signature="feature(cucumber.api.testng.CucumberFeatureWrapper)[pri:0, instance:testRunner.TestRun@1b11171f]" started-at="2020-01-04T23:37:47 IST" name="feature" description="Runs Cucumber Feature" data-provider="features" finished-at="2020-01-04T23:38:43 IST" duration-ms="56610" status="PASS">
          <params>
            <param index="0">
              <value>
                <![CDATA[Application Login]]>
              </value>
            </param>
          </params>
          <reporter-output>
            <line>
              <![CDATA[-----------Test Class [foxBasePage] Execution started-----------<br />]]>
            </line>
            <line>
              <![CDATA[Open the URL [https://test.blueforce.com/FoxQA/Login.aspx?ReturnUrl=%2fFoxQA%2fLogin]<br />]]>
            </line>
            <line>
              <![CDATA[Enter text [FOXQALOTS] in the [Company] Text Box<br />]]>
            </line>
            <line>
              <![CDATA[Enter text [ajoshi] in the [User Name] Text Box<br />]]>
            </line>
            <line>
              <![CDATA[Enter text [abc12345] in the [Password] Text Box<br />]]>
            </line>
            <line>
              <![CDATA[Click on [Submit]<br />]]>
            </line>
            <line>
              <![CDATA[Click on [click_Mypto_link]<br />]]>
            </line>
            <line>
              <![CDATA[Click on [click_PTORequest_Tab]<br />]]>
            </line>
            <line>
              <![CDATA[Enter text [12/25/2019 - 12/25/2019] in the [entertext_PTORequest_Dates] Text Box<br />]]>
            </line>
            <line>
              <![CDATA[Click on [click_Apply_button]<br />]]>
            </line>
            <line>
              <![CDATA[Click on [click_dropdown_ptorequesttype]<br />]]>
            </line>
            <line>
              <![CDATA[Enter text [Sick] in the [entertext_ptorequesttype] Text Box<br />]]>
            </line>
            <line>
              <![CDATA[Click on [click_dropdown_ptorequesttype_sick]<br />]]>
            </line>
            <line>
              <![CDATA[Click on [click_submit_button]<br />]]>
            </line>
            <line>
              <![CDATA[-----------Test Class [foxBasePage] Execution Completed-----------<br />]]>
            </line>
          </reporter-output>
        </test-method> <!-- feature -->
        <test-method is-config="true" signature="tearDownClass()[pri:0, instance:testRunner.TestRun@1b11171f]" started-at="2020-01-04T23:38:43 IST" name="tearDownClass" finished-at="2020-01-04T23:38:44 IST" duration-ms="568" status="PASS">
          <reporter-output>
          </reporter-output>
        </test-method> <!-- tearDownClass -->
      </class> <!-- testRunner.TestRun -->
    </test> <!-- Application Login -->
  </suite> <!-- Suite -->
</testng-results>
