<?xml version="1.0" encoding="UTF-8"?>
<testng-results ignored="0" total="1" passed="1" failed="0" skipped="0">
  <reporter-output>
    <line>
      <![CDATA[-----------Test Class [foxBasePage] Execution Started-------------<br />]]>
    </line>
    <line>
      <![CDATA[Open the URL [https://test.blueforce.com/FoxQA/Login.aspx?ReturnUrl=%2fFoxQA%2fLogin]<br />]]>
    </line>
    <line>
      <![CDATA[Enter text [FOXQALOTS] in the [Company] Text Box<br />]]>
    </line>
    <line>
      <![CDATA[Enter text [ajoshi] in the [User Name] Text Box<br />]]>
    </line>
    <line>
      <![CDATA[Enter text [abc12345] in the [Password] Text Box<br />]]>
    </line>
    <line>
      <![CDATA[Click on [Submit]<br />]]>
    </line>
    <line>
      <![CDATA[Click on [click_Mypto_link]<br />]]>
    </line>
    <line>
      <![CDATA[Click on [click_PTORequest_Tab]<br />]]>
    </line>
    <line>
      <![CDATA[Enter text [12/25/2019 - 12/25/2019] in the [entertext_PTORequest_Dates] Text Box<br />]]>
    </line>
    <line>
      <![CDATA[Click on [click_Apply_button]<br />]]>
    </line>
    <line>
      <![CDATA[Click on [click_dropdown_ptorequesttype]<br />]]>
    </line>
    <line>
      <![CDATA[Enter text [Sick] in the [entertext_ptorequesttype] Text Box<br />]]>
    </line>
    <line>
      <![CDATA[Click on [click_dropdown_ptorequesttype_sick]<br />]]>
    </line>
    <line>
      <![CDATA[Click on [click_submit_button]<br />]]>
    </line>
    <line>
      <![CDATA[-----------Test Class [foxBasePage] Execution Completed-----------<br />]]>
    </line>
  </reporter-output>
  <suite started-at="2020-02-04T21:54:23 IST" name="Default suite" finished-at="2020-02-04T21:55:04 IST" duration-ms="41502">
    <groups>
      <group name="cucumber">
        <method signature="AbstractTestNGCucumberTests.feature(cucumber.api.testng.CucumberFeatureWrapper)[pri:0, instance:testRunner.TestRun@4b5a5ed1]" name="feature" class="cucumber.api.testng.AbstractTestNGCucumberTests"/>
      </group> <!-- cucumber -->
    </groups>
    <test started-at="2020-02-04T21:54:23 IST" name="Default test" finished-at="2020-02-04T21:55:04 IST" duration-ms="41502">
      <class name="testRunner.TestRun">
        <test-method is-config="true" signature="setUpClass()[pri:0, instance:testRunner.TestRun@4b5a5ed1]" started-at="2020-02-04T21:54:23 IST" name="setUpClass" finished-at="2020-02-04T21:54:23 IST" duration-ms="285" status="PASS">
          <reporter-output>
          </reporter-output>
        </test-method> <!-- setUpClass -->
        <test-method signature="feature(cucumber.api.testng.CucumberFeatureWrapper)[pri:0, instance:testRunner.TestRun@4b5a5ed1]" started-at="2020-02-04T21:54:23 IST" name="feature" description="Runs Cucumber Feature" data-provider="features" finished-at="2020-02-04T21:55:04 IST" duration-ms="40511" status="PASS">
          <params>
            <param index="0">
              <value>
                <![CDATA[Application Login]]>
              </value>
            </param>
          </params>
          <reporter-output>
            <line>
              <![CDATA[-----------Test Class [foxBasePage] Execution Started-------------<br />]]>
            </line>
            <line>
              <![CDATA[Open the URL [https://test.blueforce.com/FoxQA/Login.aspx?ReturnUrl=%2fFoxQA%2fLogin]<br />]]>
            </line>
            <line>
              <![CDATA[Enter text [FOXQALOTS] in the [Company] Text Box<br />]]>
            </line>
            <line>
              <![CDATA[Enter text [ajoshi] in the [User Name] Text Box<br />]]>
            </line>
            <line>
              <![CDATA[Enter text [abc12345] in the [Password] Text Box<br />]]>
            </line>
            <line>
              <![CDATA[Click on [Submit]<br />]]>
            </line>
            <line>
              <![CDATA[Click on [click_Mypto_link]<br />]]>
            </line>
            <line>
              <![CDATA[Click on [click_PTORequest_Tab]<br />]]>
            </line>
            <line>
              <![CDATA[Enter text [12/25/2019 - 12/25/2019] in the [entertext_PTORequest_Dates] Text Box<br />]]>
            </line>
            <line>
              <![CDATA[Click on [click_Apply_button]<br />]]>
            </line>
            <line>
              <![CDATA[Click on [click_dropdown_ptorequesttype]<br />]]>
            </line>
            <line>
              <![CDATA[Enter text [Sick] in the [entertext_ptorequesttype] Text Box<br />]]>
            </line>
            <line>
              <![CDATA[Click on [click_dropdown_ptorequesttype_sick]<br />]]>
            </line>
            <line>
              <![CDATA[Click on [click_submit_button]<br />]]>
            </line>
            <line>
              <![CDATA[-----------Test Class [foxBasePage] Execution Completed-----------<br />]]>
            </line>
          </reporter-output>
        </test-method> <!-- feature -->
        <test-method is-config="true" signature="tearDownClass()[pri:0, instance:testRunner.TestRun@4b5a5ed1]" started-at="2020-02-04T21:55:04 IST" name="tearDownClass" finished-at="2020-02-04T21:55:04 IST" duration-ms="542" status="PASS">
          <reporter-output>
          </reporter-output>
        </test-method> <!-- tearDownClass -->
      </class> <!-- testRunner.TestRun -->
    </test> <!-- Default test -->
  </suite> <!-- Default suite -->
</testng-results>
